<?xml version="1.0" encoding="UTF-8"?>
<!-- Generated by org.testng.reporters.JUnitXMLReporter -->
<testsuite ignored="0" hostname="User" failures="0" tests="2" name="Default test" time="20.995" errors="0" timestamp="2022-11-19T10:32:02 EST">
  <testcase classname="testPkg.LanguageChangeFunctionalityTest" name="quickChangeLanguageFunctionalityTest" time="0.754"/>
  <testcase classname="testPkg.LanguageChangeFunctionalityTest" name="quickChangeLanguageFunctionalityTest" time="0.717"/>
</testsuite> <!-- Default test -->
