<?xml version="1.0" encoding="UTF-8"?>
<!-- Generated by org.testng.reporters.JUnitXMLReporter -->
<testsuite ignored="0" hostname="User" failures="0" tests="4" name="Default test" time="63.333" errors="0" timestamp="2022-11-12T11:29:21 EST">
  <testcase classname="testPkg.SearchFunctionalityTest" name="searchFunctionality" time="8.958"/>
  <testcase classname="testPkg.SearchFunctionalityTest" name="searchFunctionality" time="7.759"/>
  <testcase classname="testPkg.SearchFunctionalityTest" name="searchFunctionality" time="5.185"/>
  <testcase classname="testPkg.SearchFunctionalityTest" name="searchFunctionality" time="7.53"/>
</testsuite> <!-- Default test -->
