<?xml version="1.0" encoding="UTF-8"?>
<testng-results ignored="0" total="2" passed="2" failed="0" skipped="0">
  <reporter-output>
  </reporter-output>
  <suite started-at="2022-11-19T10:31:41 EST" name="Default suite" finished-at="2022-11-19T10:32:02 EST" duration-ms="20995">
    <groups>
    </groups>
    <test started-at="2022-11-19T10:31:41 EST" name="Default test" finished-at="2022-11-19T10:32:02 EST" duration-ms="20995">
      <class name="testPkg.LanguageChangeFunctionalityTest">
        <test-method is-config="true" signature="loadBrowser()[pri:0, instance:testPkg.LanguageChangeFunctionalityTest@13fd2ccd]" started-at="2022-11-19T10:31:41 EST" name="loadBrowser" finished-at="2022-11-19T10:31:54 EST" duration-ms="12853" status="PASS">
          <reporter-output>
          </reporter-output>
        </test-method> <!-- loadBrowser -->
        <test-method is-config="true" signature="validationChangeLanguagePage()[pri:0, instance:testPkg.LanguageChangeFunctionalityTest@13fd2ccd]" started-at="2022-11-19T10:31:54 EST" name="validationChangeLanguagePage" finished-at="2022-11-19T10:31:58 EST" duration-ms="4568" status="PASS">
          <reporter-output>
          </reporter-output>
        </test-method> <!-- validationChangeLanguagePage -->
        <test-method signature="quickChangeLanguageFunctionalityTest(java.lang.String)[pri:0, instance:testPkg.LanguageChangeFunctionalityTest@13fd2ccd]" started-at="2022-11-19T10:31:58 EST" name="quickChangeLanguageFunctionalityTest" data-provider="languageOptions" finished-at="2022-11-19T10:31:59 EST" duration-ms="754" status="PASS">
          <params>
            <param index="0">
              <value>
                <![CDATA[english]]>
              </value>
            </param>
          </params>
          <reporter-output>
          </reporter-output>
        </test-method> <!-- quickChangeLanguageFunctionalityTest -->
        <test-method is-config="true" signature="validationChangeLanguagePage()[pri:0, instance:testPkg.LanguageChangeFunctionalityTest@13fd2ccd]" started-at="2022-11-19T10:31:59 EST" name="validationChangeLanguagePage" finished-at="2022-11-19T10:32:00 EST" duration-ms="1176" status="PASS">
          <reporter-output>
          </reporter-output>
        </test-method> <!-- validationChangeLanguagePage -->
        <test-method signature="quickChangeLanguageFunctionalityTest(java.lang.String)[pri:0, instance:testPkg.LanguageChangeFunctionalityTest@13fd2ccd]" started-at="2022-11-19T10:32:00 EST" name="quickChangeLanguageFunctionalityTest" data-provider="languageOptions" finished-at="2022-11-19T10:32:01 EST" duration-ms="717" status="PASS">
          <params>
            <param index="0">
              <value>
                <![CDATA[Spanish]]>
              </value>
            </param>
          </params>
          <reporter-output>
          </reporter-output>
        </test-method> <!-- quickChangeLanguageFunctionalityTest -->
        <test-method is-config="true" signature="closeBrowser()[pri:0, instance:testPkg.LanguageChangeFunctionalityTest@13fd2ccd]" started-at="2022-11-19T10:32:01 EST" name="closeBrowser" finished-at="2022-11-19T10:32:02 EST" duration-ms="767" status="PASS">
          <reporter-output>
          </reporter-output>
        </test-method> <!-- closeBrowser -->
      </class> <!-- testPkg.LanguageChangeFunctionalityTest -->
    </test> <!-- Default test -->
  </suite> <!-- Default suite -->
</testng-results>
